<?xml version="1.0" encoding="UTF-8"?>
<!-- Generated by org.testng.reporters.JUnitXMLReporter -->
<testsuite hostname="DESKTOP-815UBIO" ignored="0" name="Web Tests" tests="2" failures="0" timestamp="10 Feb 2020 19:55:56 GMT" time="33.518" errors="0">
  <testcase name="@BeforeMethod beforeMethod" time="15.087" classname="utilities.TestBase">
    <failure type="org.openqa.selenium.SessionNotCreatedException" message="session not created
from chrome not reachable
  (Session info: chrome=79.0.3945.130)
Build info: version: &amp;apos;3.141.59&amp;apos;, revision: &amp;apos;e82be7d358&amp;apos;, time: &amp;apos;2018-11-14T08:17:03&amp;apos;
System info: host: &amp;apos;DESKTOP-815UBIO&amp;apos;, ip: &amp;apos;192.168.0.13&amp;apos;, os.name: &amp;apos;Windows 10&amp;apos;, os.arch: &amp;apos;amd64&amp;apos;, os.version: &amp;apos;10.0&amp;apos;, java.version: &amp;apos;1.8.0_241&amp;apos;
Driver info: driver.version: ChromeDriver
remote stacktrace: Backtrace:
	Ordinal0 [0x0061A113+1548563]
	Ordinal0 [0x0059DDA1+1039777]
	Ordinal0 [0x0051E32E+516910]
	Ordinal0 [0x00518012+491538]
	Ordinal0 [0x005186EB+493291]
	Ordinal0 [0x00519855+497749]
	Ordinal0 [0x00515885+481413]
	Ordinal0 [0x0051F0D0+520400]
	Ordinal0 [0x004CC030+180272]
	Ordinal0 [0x004CB59D+177565]
	Ordinal0 [0x004C95FB+169467]
	Ordinal0 [0x004B160A+71178]
	Ordinal0 [0x004B2690+75408]
	Ordinal0 [0x004B2629+75305]
	Ordinal0 [0x005B71B7+1143223]
	GetHandleVerifier [0x006B2B46+507814]
	GetHandleVerifier [0x006B2864+507076]
	GetHandleVerifier [0x006B9F47+537511]
	GetHandleVerifier [0x006B3402+510050]
	Ordinal0 [0x005AF29C+1110684]
	Ordinal0 [0x005B938B+1151883]
	Ordinal0 [0x005B94F3+1152243]
	Ordinal0 [0x005B83F5+1147893]
	BaseThreadInitThunk [0x770D6359+25]
	RtlGetAppContainerNamedObjectPath [0x77377B74+228]
	RtlGetAppContainerNamedObjectPath [0x77377B44+180]
">
      <![CDATA[org.openqa.selenium.SessionNotCreatedException: session not created
from chrome not reachable
  (Session info: chrome=79.0.3945.130)
Build info: version: '3.141.59', revision: 'e82be7d358', time: '2018-11-14T08:17:03'
System info: host: 'DESKTOP-815UBIO', ip: '192.168.0.13', os.name: 'Windows 10', os.arch: 'amd64', os.version: '10.0', java.version: '1.8.0_241'
Driver info: driver.version: ChromeDriver
remote stacktrace: Backtrace:
Ordinal0 [0x0061A113+1548563]
Ordinal0 [0x0059DDA1+1039777]
Ordinal0 [0x0051E32E+516910]
Ordinal0 [0x00518012+491538]
Ordinal0 [0x005186EB+493291]
Ordinal0 [0x00519855+497749]
Ordinal0 [0x00515885+481413]
Ordinal0 [0x0051F0D0+520400]
Ordinal0 [0x004CC030+180272]
Ordinal0 [0x004CB59D+177565]
Ordinal0 [0x004C95FB+169467]
Ordinal0 [0x004B160A+71178]
Ordinal0 [0x004B2690+75408]
Ordinal0 [0x004B2629+75305]
Ordinal0 [0x005B71B7+1143223]
GetHandleVerifier [0x006B2B46+507814]
GetHandleVerifier [0x006B2864+507076]
GetHandleVerifier [0x006B9F47+537511]
GetHandleVerifier [0x006B3402+510050]
Ordinal0 [0x005AF29C+1110684]
Ordinal0 [0x005B938B+1151883]
Ordinal0 [0x005B94F3+1152243]
Ordinal0 [0x005B83F5+1147893]
BaseThreadInitThunk [0x770D6359+25]
RtlGetAppContainerNamedObjectPath [0x77377B74+228]
RtlGetAppContainerNamedObjectPath [0x77377B44+180]

at org.openqa.selenium.remote.W3CHandshakeResponse.lambda$errorHandler$0(W3CHandshakeResponse.java:62)
at org.openqa.selenium.remote.HandshakeResponse.lambda$getResponseFunction$0(HandshakeResponse.java:30)
at org.openqa.selenium.remote.ProtocolHandshake.lambda$createSession$0(ProtocolHandshake.java:126)
at java.util.stream.ReferencePipeline$3$1.accept(Unknown Source)
at java.util.Spliterators$ArraySpliterator.tryAdvance(Unknown Source)
at java.util.stream.ReferencePipeline.forEachWithCancel(Unknown Source)
at java.util.stream.AbstractPipeline.copyIntoWithCancel(Unknown Source)
at java.util.stream.AbstractPipeline.copyInto(Unknown Source)
at java.util.stream.AbstractPipeline.wrapAndCopyInto(Unknown Source)
at java.util.stream.FindOps$FindOp.evaluateSequential(Unknown Source)
at java.util.stream.AbstractPipeline.evaluate(Unknown Source)
at java.util.stream.ReferencePipeline.findFirst(Unknown Source)
at org.openqa.selenium.remote.ProtocolHandshake.createSession(ProtocolHandshake.java:128)
at org.openqa.selenium.remote.ProtocolHandshake.createSession(ProtocolHandshake.java:74)
at org.openqa.selenium.remote.HttpCommandExecutor.execute(HttpCommandExecutor.java:136)
at org.openqa.selenium.remote.service.DriverCommandExecutor.execute(DriverCommandExecutor.java:83)
at org.openqa.selenium.remote.RemoteWebDriver.execute(RemoteWebDriver.java:552)
at org.openqa.selenium.remote.RemoteWebDriver.startSession(RemoteWebDriver.java:213)
at org.openqa.selenium.remote.RemoteWebDriver.<init>(RemoteWebDriver.java:131)
at org.openqa.selenium.chrome.ChromeDriver.<init>(ChromeDriver.java:181)
at org.openqa.selenium.chrome.ChromeDriver.<init>(ChromeDriver.java:168)
at org.openqa.selenium.chrome.ChromeDriver.<init>(ChromeDriver.java:157)
at utilities.TestBase.beforeMethod(TestBase.java:75)
at java.util.concurrent.ThreadPoolExecutor.runWorker(Unknown Source)
at java.util.concurrent.ThreadPoolExecutor$Worker.run(Unknown Source)
at java.lang.Thread.run(Unknown Source)
... Removed 17 stack frames]]>
    </failure>
  </testcase> <!-- @BeforeMethod beforeMethod -->
  <testcase name="@AfterMethod tearDown" time="0.0" classname="utilities.TestBase">
    <skipped/>
  </testcase> <!-- @AfterMethod tearDown -->
  <testcase name="@AfterClass afterClass" time="0.0" classname="utilities.TestBase">
    <skipped/>
  </testcase> <!-- @AfterClass afterClass -->
  <testcase name="TC_Regression_001_Phase_1" time="8.297" classname="tests.RegressionTestSuite.TC_Regression_001_Phase_1">
    <skipped/>
  </testcase> <!-- TC_Regression_001_Phase_1 -->
  <testcase name="TC_Regression_001_Phase_1" time="0.0" classname="tests.RegressionTestSuite.TC_Regression_001_Phase_1">
    <skipped/>
  </testcase> <!-- TC_Regression_001_Phase_1 -->
</testsuite> <!-- Web Tests -->
