<!DOCTYPE html PUBLIC "-//W3C//DTD XHTML 1.1//EN" "http://www.w3.org/TR/xhtml11/DTD/xhtml11.dtd">
<html xmlns="http://www.w3.org/1999/xhtml">
<head>
<meta http-equiv="content-type" content="text/html; charset=UTF-8"/>
<title>TestNG Report</title>
<style type="text/css">table {margin-bottom:10px;border-collapse:collapse;empty-cells:show}th,td {border:1px solid #009;padding:.25em .5em}th {vertical-align:bottom}td {vertical-align:top}table a {font-weight:bold}.stripe td {background-color: #E6EBF9}.num {text-align:right}.passedodd td {background-color: #3F3}.passedeven td {background-color: #0A0}.skippedodd td {background-color: #DDD}.skippedeven td {background-color: #CCC}.failedodd td,.attn {background-color: #F33}.failedeven td,.stripe .attn {background-color: #D00}.stacktrace {white-space:pre;font-family:monospace}.totop {font-size:85%;text-align:center;border-bottom:2px solid #000}.invisible {display:none}</style>
</head>
<body>
<table>
<tr><th>Test</th><th># Passed</th><th># Skipped</th><th># Failed</th><th>Time (ms)</th><th>Included Groups</th><th>Excluded Groups</th></tr>
<tr><th colspan="7">Web Suite</th></tr>
<tr><td><a href="#t0">Web Tests</a></td><td class="num">0</td><td class="num attn">2</td><td class="num">0</td><td class="num">33,518</td><td></td><td></td></tr>
</table>
<table id='summary'><thead><tr><th>Class</th><th>Method</th><th>Start</th><th>Time (ms)</th></tr></thead><tbody><tr><th colspan="4">Web Suite</th></tr></tbody><tbody id="t0"><tr><th colspan="4">Web Tests &#8212; failed (configuration methods)</th></tr><tr class="failedeven"><td rowspan="1">tests.RegressionTestSuite.TC_Regression_001_Phase_1</td><td><a href="#m0">beforeMethod</a></td><td rowspan="1">1581364541328</td><td rowspan="1">15087</td></tr><tr><th colspan="4">Web Tests &#8212; skipped (configuration methods)</th></tr><tr class="skippedeven"><td rowspan="2">tests.RegressionTestSuite.TC_Regression_001_Phase_1</td><td><a href="#m1">afterClass</a></td><td rowspan="1">1581364556422</td><td rowspan="1">0</td></tr><tr class="skippedeven"><td><a href="#m2">tearDown</a></td><td rowspan="1">1581364556421</td><td rowspan="1">0</td></tr><tr><th colspan="4">Web Tests &#8212; skipped</th></tr><tr class="skippedeven"><td rowspan="2">tests.RegressionTestSuite.TC_Regression_001_Phase_1</td><td><a href="#m3">TC_Regression_001_Phase_1</a></td><td rowspan="2">1581364533027</td><td rowspan="2">8297</td></tr><tr class="skippedeven"><td><a href="#m4">TC_Regression_001_Phase_1</a></td></tr></tbody>
</table>
<h2>Web Tests</h2><h3 id="m0">tests.RegressionTestSuite.TC_Regression_001_Phase_1#beforeMethod</h3><table class="result"><tr class="param"><th>Parameter #1</th></tr><tr class="param stripe"><td>public void tests.RegressionTestSuite.TC_Regression_001_Phase_1.TC_Regression_001_Phase_1() throws java.lang.Throwable</td></tr><tr><th>Exception</th></tr><tr><td><div class="stacktrace">org.openqa.selenium.SessionNotCreatedException: session not created
from chrome not reachable
  (Session info: chrome=79.0.3945.130)
Build info: version: &apos;3.141.59&apos;, revision: &apos;e82be7d358&apos;, time: &apos;2018-11-14T08:17:03&apos;
System info: host: &apos;DESKTOP-815UBIO&apos;, ip: &apos;192.168.0.13&apos;, os.name: &apos;Windows 10&apos;, os.arch: &apos;amd64&apos;, os.version: &apos;10.0&apos;, java.version: &apos;1.8.0_241&apos;
Driver info: driver.version: ChromeDriver
remote stacktrace: Backtrace:
	Ordinal0 [0x0061A113+1548563]
	Ordinal0 [0x0059DDA1+1039777]
	Ordinal0 [0x0051E32E+516910]
	Ordinal0 [0x00518012+491538]
	Ordinal0 [0x005186EB+493291]
	Ordinal0 [0x00519855+497749]
	Ordinal0 [0x00515885+481413]
	Ordinal0 [0x0051F0D0+520400]
	Ordinal0 [0x004CC030+180272]
	Ordinal0 [0x004CB59D+177565]
	Ordinal0 [0x004C95FB+169467]
	Ordinal0 [0x004B160A+71178]
	Ordinal0 [0x004B2690+75408]
	Ordinal0 [0x004B2629+75305]
	Ordinal0 [0x005B71B7+1143223]
	GetHandleVerifier [0x006B2B46+507814]
	GetHandleVerifier [0x006B2864+507076]
	GetHandleVerifier [0x006B9F47+537511]
	GetHandleVerifier [0x006B3402+510050]
	Ordinal0 [0x005AF29C+1110684]
	Ordinal0 [0x005B938B+1151883]
	Ordinal0 [0x005B94F3+1152243]
	Ordinal0 [0x005B83F5+1147893]
	BaseThreadInitThunk [0x770D6359+25]
	RtlGetAppContainerNamedObjectPath [0x77377B74+228]
	RtlGetAppContainerNamedObjectPath [0x77377B44+180]

	at org.openqa.selenium.remote.W3CHandshakeResponse.lambda$errorHandler$0(W3CHandshakeResponse.java:62)
	at org.openqa.selenium.remote.HandshakeResponse.lambda$getResponseFunction$0(HandshakeResponse.java:30)
	at org.openqa.selenium.remote.ProtocolHandshake.lambda$createSession$0(ProtocolHandshake.java:126)
	at java.util.stream.ReferencePipeline$3$1.accept(Unknown Source)
	at java.util.Spliterators$ArraySpliterator.tryAdvance(Unknown Source)
	at java.util.stream.ReferencePipeline.forEachWithCancel(Unknown Source)
	at java.util.stream.AbstractPipeline.copyIntoWithCancel(Unknown Source)
	at java.util.stream.AbstractPipeline.copyInto(Unknown Source)
	at java.util.stream.AbstractPipeline.wrapAndCopyInto(Unknown Source)
	at java.util.stream.FindOps$FindOp.evaluateSequential(Unknown Source)
	at java.util.stream.AbstractPipeline.evaluate(Unknown Source)
	at java.util.stream.ReferencePipeline.findFirst(Unknown Source)
	at org.openqa.selenium.remote.ProtocolHandshake.createSession(ProtocolHandshake.java:128)
	at org.openqa.selenium.remote.ProtocolHandshake.createSession(ProtocolHandshake.java:74)
	at org.openqa.selenium.remote.HttpCommandExecutor.execute(HttpCommandExecutor.java:136)
	at org.openqa.selenium.remote.service.DriverCommandExecutor.execute(DriverCommandExecutor.java:83)
	at org.openqa.selenium.remote.RemoteWebDriver.execute(RemoteWebDriver.java:552)
	at org.openqa.selenium.remote.RemoteWebDriver.startSession(RemoteWebDriver.java:213)
	at org.openqa.selenium.remote.RemoteWebDriver.&lt;init&gt;(RemoteWebDriver.java:131)
	at org.openqa.selenium.chrome.ChromeDriver.&lt;init&gt;(ChromeDriver.java:181)
	at org.openqa.selenium.chrome.ChromeDriver.&lt;init&gt;(ChromeDriver.java:168)
	at org.openqa.selenium.chrome.ChromeDriver.&lt;init&gt;(ChromeDriver.java:157)
	at utilities.TestBase.beforeMethod(TestBase.java:75)
	at java.util.concurrent.ThreadPoolExecutor.runWorker(Unknown Source)
	at java.util.concurrent.ThreadPoolExecutor$Worker.run(Unknown Source)
	at java.lang.Thread.run(Unknown Source)
... Removed 17 stack frames</div></td></tr></table><p class="totop"><a href="#summary">back to summary</a></p>
<h3 id="m1">tests.RegressionTestSuite.TC_Regression_001_Phase_1#afterClass</h3><table class="result"><tr><th class="invisible"/></tr></table><p class="totop"><a href="#summary">back to summary</a></p>
<h3 id="m2">tests.RegressionTestSuite.TC_Regression_001_Phase_1#tearDown</h3><table class="result"><tr><th class="invisible"/></tr></table><p class="totop"><a href="#summary">back to summary</a></p>
<h3 id="m3">tests.RegressionTestSuite.TC_Regression_001_Phase_1#TC_Regression_001_Phase_1</h3><table class="result"><tr><th>Exception</th></tr><tr><td><div class="stacktrace">java.lang.NullPointerException
	at utilities.PageBase.lambda$0(PageBase.java:48)
	at org.openqa.selenium.support.ui.FluentWait.until(FluentWait.java:249)
	at utilities.PageBase.waitForJQueryLoad(PageBase.java:54)
	at utilities.PageBase.waitUntilJQueryReady(PageBase.java:95)
	at utilities.PageBase.waitAllRequest(PageBase.java:159)
	at utilities.PageBase.clickElementJs(PageBase.java:772)
	at pages.HomePage.goToEkipArkadaslarimiz(HomePage.java:28)
	at tests.RegressionTestSuite.TC_Regression_001_Phase_1.TC_Regression_001_Phase_1(TC_Regression_001_Phase_1.java:48)
	at java.util.concurrent.ThreadPoolExecutor.runWorker(Unknown Source)
	at java.util.concurrent.ThreadPoolExecutor$Worker.run(Unknown Source)
	at java.lang.Thread.run(Unknown Source)
... Removed 10 stack frames</div></td></tr></table><p class="totop"><a href="#summary">back to summary</a></p>
<h3 id="m4">tests.RegressionTestSuite.TC_Regression_001_Phase_1#TC_Regression_001_Phase_1</h3><table class="result"><tr><th>Exception</th></tr><tr><td><div class="stacktrace">org.openqa.selenium.SessionNotCreatedException: session not created
from chrome not reachable
  (Session info: chrome=79.0.3945.130)
Build info: version: &apos;3.141.59&apos;, revision: &apos;e82be7d358&apos;, time: &apos;2018-11-14T08:17:03&apos;
System info: host: &apos;DESKTOP-815UBIO&apos;, ip: &apos;192.168.0.13&apos;, os.name: &apos;Windows 10&apos;, os.arch: &apos;amd64&apos;, os.version: &apos;10.0&apos;, java.version: &apos;1.8.0_241&apos;
Driver info: driver.version: ChromeDriver
remote stacktrace: Backtrace:
	Ordinal0 [0x0061A113+1548563]
	Ordinal0 [0x0059DDA1+1039777]
	Ordinal0 [0x0051E32E+516910]
	Ordinal0 [0x00518012+491538]
	Ordinal0 [0x005186EB+493291]
	Ordinal0 [0x00519855+497749]
	Ordinal0 [0x00515885+481413]
	Ordinal0 [0x0051F0D0+520400]
	Ordinal0 [0x004CC030+180272]
	Ordinal0 [0x004CB59D+177565]
	Ordinal0 [0x004C95FB+169467]
	Ordinal0 [0x004B160A+71178]
	Ordinal0 [0x004B2690+75408]
	Ordinal0 [0x004B2629+75305]
	Ordinal0 [0x005B71B7+1143223]
	GetHandleVerifier [0x006B2B46+507814]
	GetHandleVerifier [0x006B2864+507076]
	GetHandleVerifier [0x006B9F47+537511]
	GetHandleVerifier [0x006B3402+510050]
	Ordinal0 [0x005AF29C+1110684]
	Ordinal0 [0x005B938B+1151883]
	Ordinal0 [0x005B94F3+1152243]
	Ordinal0 [0x005B83F5+1147893]
	BaseThreadInitThunk [0x770D6359+25]
	RtlGetAppContainerNamedObjectPath [0x77377B74+228]
	RtlGetAppContainerNamedObjectPath [0x77377B44+180]

	at org.openqa.selenium.remote.W3CHandshakeResponse.lambda$errorHandler$0(W3CHandshakeResponse.java:62)
	at org.openqa.selenium.remote.HandshakeResponse.lambda$getResponseFunction$0(HandshakeResponse.java:30)
	at org.openqa.selenium.remote.ProtocolHandshake.lambda$createSession$0(ProtocolHandshake.java:126)
	at java.util.stream.ReferencePipeline$3$1.accept(Unknown Source)
	at java.util.Spliterators$ArraySpliterator.tryAdvance(Unknown Source)
	at java.util.stream.ReferencePipeline.forEachWithCancel(Unknown Source)
	at java.util.stream.AbstractPipeline.copyIntoWithCancel(Unknown Source)
	at java.util.stream.AbstractPipeline.copyInto(Unknown Source)
	at java.util.stream.AbstractPipeline.wrapAndCopyInto(Unknown Source)
	at java.util.stream.FindOps$FindOp.evaluateSequential(Unknown Source)
	at java.util.stream.AbstractPipeline.evaluate(Unknown Source)
	at java.util.stream.ReferencePipeline.findFirst(Unknown Source)
	at org.openqa.selenium.remote.ProtocolHandshake.createSession(ProtocolHandshake.java:128)
	at org.openqa.selenium.remote.ProtocolHandshake.createSession(ProtocolHandshake.java:74)
	at org.openqa.selenium.remote.HttpCommandExecutor.execute(HttpCommandExecutor.java:136)
	at org.openqa.selenium.remote.service.DriverCommandExecutor.execute(DriverCommandExecutor.java:83)
	at org.openqa.selenium.remote.RemoteWebDriver.execute(RemoteWebDriver.java:552)
	at org.openqa.selenium.remote.RemoteWebDriver.startSession(RemoteWebDriver.java:213)
	at org.openqa.selenium.remote.RemoteWebDriver.&lt;init&gt;(RemoteWebDriver.java:131)
	at org.openqa.selenium.chrome.ChromeDriver.&lt;init&gt;(ChromeDriver.java:181)
	at org.openqa.selenium.chrome.ChromeDriver.&lt;init&gt;(ChromeDriver.java:168)
	at org.openqa.selenium.chrome.ChromeDriver.&lt;init&gt;(ChromeDriver.java:157)
	at utilities.TestBase.beforeMethod(TestBase.java:75)
	at java.util.concurrent.ThreadPoolExecutor.runWorker(Unknown Source)
	at java.util.concurrent.ThreadPoolExecutor$Worker.run(Unknown Source)
	at java.lang.Thread.run(Unknown Source)
... Removed 17 stack frames</div></td></tr></table><p class="totop"><a href="#summary">back to summary</a></p>
</body>
</html>
